<?xml version="1.0" encoding="UTF-8"?>
<!-- Generated by org.testng.reporters.JUnitXMLReporter -->
<testsuite ignored="0" hostname="WINDOWS-5RLB6OD" failures="1" tests="1" name="FirefoxTest" time="48.081" errors="0" timestamp="28 May 2024 08:36:03 GMT">
  <testcase classname="com.testingTestNG.cbt.CBT" name="m1" time="21.564">
    <failure type="java.lang.IndexOutOfBoundsException" message="Index -2 out of bounds for length 0">
      <![CDATA[java.lang.IndexOutOfBoundsException: Index -2 out of bounds for length 0
at java.base/jdk.internal.util.Preconditions.outOfBounds(Preconditions.java:64)
at java.base/jdk.internal.util.Preconditions.outOfBoundsCheckIndex(Preconditions.java:70)
at java.base/jdk.internal.util.Preconditions.checkIndex(Preconditions.java:266)
at java.base/java.util.Objects.checkIndex(Objects.java:361)
at java.base/java.util.ArrayList.get(ArrayList.java:427)
at com.testingTestNG.cbt.CBT.m1(CBT.java:45)
at java.base/java.util.concurrent.FutureTask.run(FutureTask.java:264)
at java.base/java.util.concurrent.ThreadPoolExecutor.runWorker(ThreadPoolExecutor.java:1136)
at java.base/java.util.concurrent.ThreadPoolExecutor$Worker.run(ThreadPoolExecutor.java:635)
at java.base/java.lang.Thread.run(Thread.java:840)
... Removed 16 stack frames]]>
    </failure>
  </testcase> <!-- m1 -->
</testsuite> <!-- FirefoxTest -->
